[2023-08-26T19:55:34.533] [DEBUG] cheese - null
[2023-08-26T21:38:58.150] [DEBUG] cheese - login => username:admin,password:123456
[2023-08-26T21:38:58.151] [DEBUG] cheese - admin
[2023-08-26T21:38:58.162] [DEBUG] cheese - null
[2023-08-26T21:38:58.163] [DEBUG] cheese - null
[2023-08-26T22:14:39.110] [DEBUG] cheese - login => username:admin,password:123456
[2023-08-26T22:14:39.111] [DEBUG] cheese - admin
[2023-08-26T22:14:39.120] [DEBUG] cheese - null
[2023-08-26T22:14:39.121] [DEBUG] cheese - null
[2023-08-26T22:24:31.170] [DEBUG] cheese - login => username:admin,password:123456
[2023-08-26T22:24:31.170] [DEBUG] cheese - admin
[2023-08-26T22:24:31.175] [DEBUG] cheese - null
[2023-08-26T22:24:31.175] [DEBUG] cheese - null
[2023-08-26T22:25:13.084] [DEBUG] cheese - login => username:admin,password:123456
[2023-08-26T22:25:13.084] [DEBUG] cheese - admin
[2023-08-26T22:25:13.089] [DEBUG] cheese - null
[2023-08-26T22:25:13.089] [DEBUG] cheese - null
[2023-08-26T23:30:42.171] [DEBUG] cheese - null
[2023-08-26T23:56:59.618] [DEBUG] cheese - login => username:admin,password:123456
[2023-08-26T23:56:59.619] [DEBUG] cheese - admin
[2023-08-26T23:56:59.628] [DEBUG] cheese - null
[2023-08-26T23:56:59.628] [DEBUG] cheese - null
[2023-08-26T23:57:22.391] [DEBUG] cheese - null
[2023-08-27T09:09:23.591] [DEBUG] cheese - login => username:admin,password:123456
[2023-08-27T09:09:23.593] [DEBUG] cheese - admin
[2023-08-27T09:09:23.603] [DEBUG] cheese - null
[2023-08-27T09:09:23.604] [DEBUG] cheese - null
[2023-08-27T09:34:22.187] [DEBUG] cheese - null
[2023-08-27T09:50:49.484] [DEBUG] cheese - login => username:admin,password:123456
[2023-08-27T09:50:49.484] [DEBUG] cheese - admin
[2023-08-27T09:50:49.490] [DEBUG] cheese - null
[2023-08-27T09:50:49.490] [DEBUG] cheese - null
[2023-08-27T09:52:45.872] [DEBUG] cheese - login => username:admin,password:123456
[2023-08-27T09:52:45.872] [DEBUG] cheese - admin
[2023-08-27T09:52:45.879] [DEBUG] cheese - null
[2023-08-27T09:52:45.879] [DEBUG] cheese - null
[2023-08-27T14:09:13.607] [DEBUG] cheese - login => username:admin,password:123456
[2023-08-27T14:09:13.607] [DEBUG] cheese - admin
[2023-08-27T14:09:13.623] [DEBUG] cheese - null
[2023-08-27T14:09:13.623] [DEBUG] cheese - null
[2023-08-27T22:51:46.150] [DEBUG] cheese - login => username:admin,password:123456
[2023-08-27T22:51:46.151] [DEBUG] cheese - admin
[2023-08-27T22:51:46.164] [DEBUG] cheese - null
[2023-08-27T22:51:46.165] [DEBUG] cheese - null
[2023-08-28T09:02:29.467] [DEBUG] cheese - login => username:admin,password:123456
[2023-08-28T09:02:29.468] [DEBUG] cheese - admin
[2023-08-28T09:02:29.482] [DEBUG] cheese - null
[2023-08-28T09:02:29.482] [DEBUG] cheese - null
[2023-08-28T09:06:06.110] [DEBUG] cheese - login => username:admin,password:123456
[2023-08-28T09:06:06.110] [DEBUG] cheese - admin
[2023-08-28T09:06:06.116] [DEBUG] cheese - null
[2023-08-28T09:06:06.116] [DEBUG] cheese - null
[2023-08-28T09:07:20.747] [DEBUG] cheese - login => username:admin,password:123456
[2023-08-28T09:07:20.748] [DEBUG] cheese - admin
[2023-08-28T09:07:20.753] [DEBUG] cheese - null
[2023-08-28T09:07:20.754] [DEBUG] cheese - null
[2023-08-28T09:12:02.448] [DEBUG] cheese - login => username:admin,password:123456
[2023-08-28T09:12:02.448] [DEBUG] cheese - admin
[2023-08-28T09:12:02.454] [DEBUG] cheese - null
[2023-08-28T09:12:02.454] [DEBUG] cheese - null
[2023-08-28T09:13:18.011] [DEBUG] cheese - login => username:admin,password:123456
[2023-08-28T09:13:18.011] [DEBUG] cheese - admin
[2023-08-28T09:13:18.017] [DEBUG] cheese - null
[2023-08-28T09:13:18.017] [DEBUG] cheese - null
[2023-08-28T09:17:02.374] [DEBUG] cheese - login => username:admin,password:123456
[2023-08-28T09:17:02.374] [DEBUG] cheese - admin
[2023-08-28T09:17:02.380] [DEBUG] cheese - null
[2023-08-28T09:17:02.381] [DEBUG] cheese - null
[2023-08-28T09:17:44.884] [DEBUG] cheese - login => username:admin,password:123456
[2023-08-28T09:17:44.884] [DEBUG] cheese - admin
[2023-08-28T09:17:44.890] [DEBUG] cheese - null
[2023-08-28T09:17:44.890] [DEBUG] cheese - null
[2023-08-28T09:21:59.789] [DEBUG] cheese - null
[2023-08-29T21:25:41.124] [DEBUG] cheese - login => username:admin,password:123456
[2023-08-29T21:25:41.124] [DEBUG] cheese - admin
[2023-08-29T21:25:41.137] [DEBUG] cheese - null
[2023-08-29T21:25:41.138] [DEBUG] cheese - null
[2023-08-29T22:54:55.511] [DEBUG] cheese - login => username:admin,password:123456
[2023-08-29T22:54:55.511] [DEBUG] cheese - admin
[2023-08-29T22:54:55.515] [DEBUG] cheese - null
[2023-08-29T22:54:55.515] [DEBUG] cheese - null
[2023-08-29T22:56:24.852] [DEBUG] cheese - login => username:admin,password:123456
[2023-08-29T22:56:24.852] [DEBUG] cheese - admin
[2023-08-29T22:56:24.857] [DEBUG] cheese - null
[2023-08-29T22:56:24.857] [DEBUG] cheese - null
[2023-08-29T23:05:59.626] [DEBUG] cheese - login => username:admin,password:123456
[2023-08-29T23:05:59.626] [DEBUG] cheese - admin
[2023-08-29T23:05:59.631] [DEBUG] cheese - null
[2023-08-29T23:05:59.631] [DEBUG] cheese - null
[2023-08-29T23:46:03.208] [DEBUG] cheese - login => username:admin,password:123456
[2023-08-29T23:46:03.209] [DEBUG] cheese - admin
[2023-08-29T23:46:03.213] [DEBUG] cheese - null
[2023-08-29T23:46:03.214] [DEBUG] cheese - null
[2023-08-29T23:58:16.218] [DEBUG] cheese - null
[2023-08-30T00:16:03.457] [DEBUG] cheese - null
[2023-08-30T11:39:11.191] [DEBUG] cheese - login => username:admin,password:123456
[2023-08-30T11:39:11.192] [DEBUG] cheese - admin
[2023-08-30T11:39:11.206] [DEBUG] cheese - null
[2023-08-30T11:39:11.206] [DEBUG] cheese - null
[2023-09-01T08:05:20.725] [DEBUG] cheese - login => username:admin,password:123456
[2023-09-01T08:05:20.727] [DEBUG] cheese - admin
[2023-09-01T08:05:20.742] [DEBUG] cheese - null
[2023-09-01T08:05:20.743] [DEBUG] cheese - null
[2023-09-13T14:37:03.632] [DEBUG] cheese - login => username:qzlbc,password:111111
[2023-09-13T14:37:03.633] [DEBUG] cheese - qzlbc
[2023-09-13T14:37:03.661] [DEBUG] cheese - null
[2023-09-13T14:37:03.662] [DEBUG] cheese - null
[2023-09-13T14:37:17.593] [DEBUG] cheese - login => username:签证礼宾处,password:111111
[2023-09-13T14:37:17.594] [DEBUG] cheese - 签证礼宾处
[2023-09-13T14:37:17.600] [DEBUG] cheese - null
[2023-09-13T14:37:17.600] [DEBUG] cheese - null
[2023-09-13T14:37:44.793] [DEBUG] cheese - login => username:nyncbqzlbc,password:111111
[2023-09-13T14:37:44.793] [DEBUG] cheese - nyncbqzlbc
[2023-09-13T14:37:44.799] [DEBUG] cheese - null
[2023-09-13T14:37:44.799] [DEBUG] cheese - null
[2023-09-13T14:37:48.944] [DEBUG] cheese - login => username:nyncbqzlbc,password:123456
[2023-09-13T14:37:48.944] [DEBUG] cheese - nyncbqzlbc
[2023-09-13T14:37:48.950] [DEBUG] cheese - null
[2023-09-13T14:37:48.950] [DEBUG] cheese - null
[2023-09-13T14:38:46.089] [DEBUG] cheese - login => username:nyncb,password:111111
[2023-09-13T14:38:46.089] [DEBUG] cheese - nyncb
[2023-09-13T14:38:46.095] [DEBUG] cheese - null
[2023-09-13T14:38:46.095] [DEBUG] cheese - null
[2023-09-14T09:25:31.151] [DEBUG] cheese - login => username:admin,password:admin 123456
[2023-09-14T09:25:31.151] [DEBUG] cheese - admin
[2023-09-14T09:25:31.164] [DEBUG] cheese - null
[2023-09-14T09:25:31.164] [DEBUG] cheese - null
[2023-09-14T09:25:41.001] [DEBUG] cheese - login => username:admin,password:123456
[2023-09-14T09:25:41.001] [DEBUG] cheese - admin
[2023-09-14T09:25:41.006] [DEBUG] cheese - null
[2023-09-14T09:25:41.006] [DEBUG] cheese - null
[2023-09-14T09:34:59.202] [DEBUG] cheese - null
[2023-09-14T10:25:19.063] [DEBUG] cheese - null
[2023-09-14T10:25:52.989] [DEBUG] cheese - null
[2023-09-14T10:28:15.910] [DEBUG] cheese - null
[2023-09-14T10:30:46.007] [DEBUG] cheese - null
[2023-09-14T10:38:19.057] [DEBUG] cheese - null
[2023-09-14T10:41:13.439] [DEBUG] cheese - null
[2023-09-14T10:48:22.194] [DEBUG] cheese - null
[2023-09-14T11:04:30.071] [DEBUG] cheese - null
[2023-09-14T11:04:36.138] [DEBUG] cheese - null
[2023-09-14T11:04:58.665] [DEBUG] cheese - null
[2023-09-14T11:05:04.790] [DEBUG] cheese - null
[2023-09-14T11:06:06.556] [DEBUG] cheese - null
[2023-09-14T11:06:07.702] [DEBUG] cheese - null
[2023-09-14T11:06:08.177] [DEBUG] cheese - null
[2023-09-14T11:06:08.397] [DEBUG] cheese - null
[2023-09-14T11:06:08.574] [DEBUG] cheese - null
[2023-09-14T11:07:19.893] [DEBUG] cheese - login => username:admin,password:123456
[2023-09-14T11:07:19.893] [DEBUG] cheese - admin
[2023-09-14T11:07:19.898] [DEBUG] cheese - null
[2023-09-14T11:07:19.898] [DEBUG] cheese - null
[2023-09-14T11:07:59.348] [DEBUG] cheese - null
[2023-09-14T11:08:24.245] [DEBUG] cheese - null
[2023-09-14T11:08:40.160] [DEBUG] cheese - null
[2023-09-14T11:18:39.194] [DEBUG] cheese - null
[2023-09-14T11:18:50.642] [DEBUG] cheese - null
[2023-09-14T11:19:09.162] [DEBUG] cheese - null
[2023-09-14T11:19:45.922] [DEBUG] cheese - null
[2023-09-14T11:19:52.455] [DEBUG] cheese - null
[2023-09-14T11:21:16.805] [DEBUG] cheese - null
[2023-09-14T11:21:31.390] [DEBUG] cheese - null
[2023-09-14T11:42:32.002] [DEBUG] cheese - null
[2023-09-14T11:42:37.358] [DEBUG] cheese - null
[2023-09-14T11:46:02.463] [DEBUG] cheese - null
[2023-09-14T11:48:10.141] [DEBUG] cheese - login => username:admin,password:123456
[2023-09-14T11:48:10.141] [DEBUG] cheese - admin
[2023-09-14T11:48:10.146] [DEBUG] cheese - null
[2023-09-14T11:48:10.146] [DEBUG] cheese - null
[2023-09-14T11:48:59.403] [DEBUG] cheese - null
[2023-09-14T14:15:19.379] [DEBUG] cheese - null
[2023-09-16T13:01:05.985] [DEBUG] cheese - login => username:admin,password:123456
[2023-09-16T13:01:05.986] [DEBUG] cheese - admin
[2023-09-16T13:01:06.004] [DEBUG] cheese - null
[2023-09-16T13:01:06.004] [DEBUG] cheese - null
[2023-09-16T13:49:21.521] [DEBUG] cheese - login => username:admin,password:123456
[2023-09-16T13:49:21.521] [DEBUG] cheese - admin
[2023-09-16T13:49:21.525] [DEBUG] cheese - null
[2023-09-16T13:49:21.525] [DEBUG] cheese - null
[2023-09-16T15:41:31.023] [DEBUG] cheese - login => username:admin,password:123456
[2023-09-16T15:41:31.025] [DEBUG] cheese - admin
[2023-09-16T15:41:31.034] [DEBUG] cheese - null
[2023-09-16T15:41:31.034] [DEBUG] cheese - null
[2023-09-16T16:07:51.372] [DEBUG] cheese - login => username:admin,password:123456
[2023-09-16T16:07:51.373] [DEBUG] cheese - admin
[2023-09-16T16:07:51.382] [DEBUG] cheese - null
[2023-09-16T16:07:51.382] [DEBUG] cheese - null
[2023-09-16T17:31:59.507] [DEBUG] cheese - login => username:admin,password:123456
[2023-09-16T17:31:59.508] [DEBUG] cheese - admin
[2023-09-16T17:31:59.517] [DEBUG] cheese - null
[2023-09-16T17:31:59.517] [DEBUG] cheese - null
[2023-09-16T17:33:54.666] [DEBUG] cheese - login => username:admin,password:123456
[2023-09-16T17:33:54.666] [DEBUG] cheese - admin
[2023-09-16T17:33:54.670] [DEBUG] cheese - null
[2023-09-16T17:33:54.670] [DEBUG] cheese - null
[2023-09-16T17:38:30.956] [DEBUG] cheese - login => username:admin,password:123456
[2023-09-16T17:38:30.956] [DEBUG] cheese - admin
[2023-09-16T17:38:30.960] [DEBUG] cheese - null
[2023-09-16T17:38:30.960] [DEBUG] cheese - null
[2023-09-17T19:02:54.569] [DEBUG] cheese - login => username:admin,password:123456
[2023-09-17T19:02:54.570] [DEBUG] cheese - admin
[2023-09-17T19:02:54.584] [DEBUG] cheese - null
[2023-09-17T19:02:54.585] [DEBUG] cheese - null
[2023-09-18T23:09:02.351] [DEBUG] cheese - login => username:admin,password:123456
[2023-09-18T23:09:02.352] [DEBUG] cheese - admin
[2023-09-18T23:09:02.361] [DEBUG] cheese - null
[2023-09-18T23:09:02.361] [DEBUG] cheese - null
[2023-09-19T11:10:58.711] [DEBUG] cheese - login => username:admin,password:123456
[2023-09-19T11:10:58.712] [DEBUG] cheese - admin
[2023-09-19T11:10:58.720] [DEBUG] cheese - null
[2023-09-19T11:10:58.721] [DEBUG] cheese - null
[2023-09-22T16:20:56.875] [DEBUG] cheese - login => username:admin,password:123456
[2023-09-22T16:20:56.876] [DEBUG] cheese - admin
[2023-09-22T16:20:57.308] [DEBUG] cheese - null
[2023-09-22T16:20:57.308] [DEBUG] cheese - null
[2023-09-26T08:31:35.618] [DEBUG] cheese - login => username:admin,password:123456
[2023-09-26T08:31:35.619] [DEBUG] cheese - admin
[2023-09-26T08:31:35.629] [DEBUG] cheese - null
[2023-09-26T08:31:35.630] [DEBUG] cheese - null
[2023-09-26T08:32:17.673] [DEBUG] cheese - login => username:admin,password:123456
[2023-09-26T08:32:17.673] [DEBUG] cheese - admin
[2023-09-26T08:32:17.677] [DEBUG] cheese - null
[2023-09-26T08:32:17.677] [DEBUG] cheese - null
[2023-09-26T08:52:10.399] [DEBUG] cheese - null
[2023-09-26T08:52:16.911] [DEBUG] cheese - null
[2023-09-26T08:52:18.794] [DEBUG] cheese - null
[2023-09-26T08:52:37.199] [DEBUG] cheese - null
[2023-09-26T08:52:44.236] [DEBUG] cheese - null
[2023-09-26T08:54:51.102] [DEBUG] cheese - null
[2023-09-26T08:54:51.901] [DEBUG] cheese - null
[2023-09-26T08:57:49.032] [DEBUG] cheese - null
[2023-09-26T09:19:49.758] [DEBUG] cheese - null
[2023-09-26T09:19:55.229] [DEBUG] cheese - null
[2023-09-26T09:20:24.558] [DEBUG] cheese - null
[2023-09-26T09:29:44.078] [DEBUG] cheese - null
[2023-09-26T09:29:45.664] [DEBUG] cheese - null
[2023-09-26T09:32:52.221] [DEBUG] cheese - null
[2023-09-26T10:54:32.617] [DEBUG] cheese - null
[2023-09-26T11:07:28.089] [DEBUG] cheese - null
[2023-09-26T11:38:25.472] [DEBUG] cheese - null
[2023-09-26T13:47:55.108] [DEBUG] cheese - null
[2023-09-26T13:58:31.425] [DEBUG] cheese - null
[2023-09-26T13:59:05.292] [DEBUG] cheese - null
[2023-09-26T13:59:16.772] [DEBUG] cheese - null
[2023-09-26T14:04:19.123] [DEBUG] cheese - null
[2023-09-27T08:02:38.155] [DEBUG] cheese - login => username:admin,password:123456
[2023-09-27T08:02:38.156] [DEBUG] cheese - admin
[2023-09-27T08:02:38.165] [DEBUG] cheese - null
[2023-09-27T08:02:38.166] [DEBUG] cheese - null
[2023-09-27T08:04:05.112] [DEBUG] cheese - null
[2023-09-27T08:04:34.678] [DEBUG] cheese - null
[2023-09-27T10:41:06.926] [DEBUG] cheese - null
[2023-09-27T10:41:17.270] [DEBUG] cheese - null
[2023-09-27T10:42:27.301] [DEBUG] cheese - null
[2023-09-27T10:42:54.048] [DEBUG] cheese - null
[2023-09-27T10:43:29.780] [DEBUG] cheese - null
[2023-09-27T10:50:46.041] [DEBUG] cheese - login => username:admin,password:111111
[2023-09-27T10:50:46.041] [DEBUG] cheese - admin
[2023-09-27T10:50:46.046] [DEBUG] cheese - null
[2023-09-27T10:50:46.046] [DEBUG] cheese - null
[2023-09-27T10:50:50.220] [DEBUG] cheese - login => username:admin,password:123456
[2023-09-27T10:50:50.220] [DEBUG] cheese - admin
[2023-09-27T10:50:50.223] [DEBUG] cheese - null
[2023-09-27T10:50:50.224] [DEBUG] cheese - null
[2023-09-27T16:47:05.360] [DEBUG] cheese - login => username:admin,password:admin123
[2023-09-27T16:47:05.362] [DEBUG] cheese - admin
[2023-09-27T16:47:05.371] [DEBUG] cheese - null
[2023-09-27T16:47:05.371] [DEBUG] cheese - null
