数据库连接参数 {"protocol":"mysql","host":"49.233.9.86","database":"mydb","port":3306,"user":"root","password":"jxj13140123","query":{"pool":true,"debug":true}}
*****************************************
拦截服务 => CategoryService
*****************************************
action => getAllCategories
action => getCategoryById
action => addCategory
action => updateCategory
action => deleteCategory
*****************************************

*****************************************
拦截服务 => AttributeService
*****************************************
action => getAttributes
action => createAttribute
action => updateAttribute
action => deleteAttribute
action => attributeById
*****************************************

*****************************************
拦截服务 => GoodService
*****************************************
action => createGood
action => deleteGood
action => getAllGoods
action => updateGood
action => updateGoodPics
action => updateGoodAttributes
action => updateGoodsState
action => getGoodById
*****************************************

*****************************************
拦截服务 => OrderService
*****************************************
action => createOrder
action => getAllOrders
action => getOrder
action => updateOrder
*****************************************

*****************************************
拦截服务 => ReportsService
*****************************************
action => reports
*****************************************

*****************************************
拦截服务 => RightService
*****************************************
action => getAllRights
*****************************************

*****************************************
拦截服务 => RoleService
*****************************************
action => getAllRoles
action => createRole
action => getRoleById
action => updateRole
action => updateRoleRight
action => deleteRoleRight
action => deleteRole
action => authRight
*****************************************

*****************************************
拦截服务 => ManagerService
*****************************************
action => getAllManagers
action => createManager
action => updateManager
action => getManager
action => deleteManager
action => setRole
action => updateMgrState
action => login
*****************************************


******************************************************
		MoaJS Apis Dump
******************************************************

┌────────────────────────────────────────────────────────────────────────────┬────────┬───────────────────────────────────────────────────┐
│ File                                                                       │ Method │ Path                                              │
├────────────────────────────────────────────────────────────────────────────┼────────┼───────────────────────────────────────────────────┤
│ /home/ubuntu/vueShop-api-server-master/routes/api/private/v1/categories.js │ get    │ /api/private/v1/categories                        │
├────────────────────────────────────────────────────────────────────────────┼────────┼───────────────────────────────────────────────────┤
│ /home/ubuntu/vueShop-api-server-master/routes/api/private/v1/categories.js │ post   │ /api/private/v1/categories                        │
├────────────────────────────────────────────────────────────────────────────┼────────┼───────────────────────────────────────────────────┤
│ /home/ubuntu/vueShop-api-server-master/routes/api/private/v1/categories.js │ get    │ /api/private/v1/categories/:id                    │
├────────────────────────────────────────────────────────────────────────────┼────────┼───────────────────────────────────────────────────┤
│ /home/ubuntu/vueShop-api-server-master/routes/api/private/v1/categories.js │ delete │ /api/private/v1/categories/:id                    │
├────────────────────────────────────────────────────────────────────────────┼────────┼───────────────────────────────────────────────────┤
│ /home/ubuntu/vueShop-api-server-master/routes/api/private/v1/categories.js │ put    │ /api/private/v1/categories/:id                    │
├────────────────────────────────────────────────────────────────────────────┼────────┼───────────────────────────────────────────────────┤
│ /home/ubuntu/vueShop-api-server-master/routes/api/private/v1/categories.js │ get    │ /api/private/v1/categories/:id/attributes         │
├────────────────────────────────────────────────────────────────────────────┼────────┼───────────────────────────────────────────────────┤
│ /home/ubuntu/vueShop-api-server-master/routes/api/private/v1/categories.js │ get    │ /api/private/v1/categories/:id/attributes/:attrId │
├────────────────────────────────────────────────────────────────────────────┼────────┼───────────────────────────────────────────────────┤
│ /home/ubuntu/vueShop-api-server-master/routes/api/private/v1/categories.js │ post   │ /api/private/v1/categories/:id/attributes         │
├────────────────────────────────────────────────────────────────────────────┼────────┼───────────────────────────────────────────────────┤
│ /home/ubuntu/vueShop-api-server-master/routes/api/private/v1/categories.js │ put    │ /api/private/v1/categories/:id/attributes/:attrId │
├────────────────────────────────────────────────────────────────────────────┼────────┼───────────────────────────────────────────────────┤
│ /home/ubuntu/vueShop-api-server-master/routes/api/private/v1/categories.js │ delete │ /api/private/v1/categories/:id/attributes/:attrId │
├────────────────────────────────────────────────────────────────────────────┼────────┼───────────────────────────────────────────────────┤
│ /home/ubuntu/vueShop-api-server-master/routes/api/private/v1/goods.js      │ get    │ /api/private/v1/goods                             │
├────────────────────────────────────────────────────────────────────────────┼────────┼───────────────────────────────────────────────────┤
│ /home/ubuntu/vueShop-api-server-master/routes/api/private/v1/goods.js      │ post   │ /api/private/v1/goods                             │
├────────────────────────────────────────────────────────────────────────────┼────────┼───────────────────────────────────────────────────┤
│ /home/ubuntu/vueShop-api-server-master/routes/api/private/v1/goods.js      │ put    │ /api/private/v1/goods/:id                         │
├────────────────────────────────────────────────────────────────────────────┼────────┼───────────────────────────────────────────────────┤
│ /home/ubuntu/vueShop-api-server-master/routes/api/private/v1/goods.js      │ get    │ /api/private/v1/goods/:id                         │
├────────────────────────────────────────────────────────────────────────────┼────────┼───────────────────────────────────────────────────┤
│ /home/ubuntu/vueShop-api-server-master/routes/api/private/v1/goods.js      │ delete │ /api/private/v1/goods/:id                         │
├────────────────────────────────────────────────────────────────────────────┼────────┼───────────────────────────────────────────────────┤
│ /home/ubuntu/vueShop-api-server-master/routes/api/private/v1/goods.js      │ put    │ /api/private/v1/goods/:id/pics                    │
├────────────────────────────────────────────────────────────────────────────┼────────┼───────────────────────────────────────────────────┤
│ /home/ubuntu/vueShop-api-server-master/routes/api/private/v1/goods.js      │ put    │ /api/private/v1/goods/:id/attributes              │
├────────────────────────────────────────────────────────────────────────────┼────────┼───────────────────────────────────────────────────┤
│ /home/ubuntu/vueShop-api-server-master/routes/api/private/v1/goods.js      │ put    │ /api/private/v1/goods/:id/state/:state            │
├────────────────────────────────────────────────────────────────────────────┼────────┼───────────────────────────────────────────────────┤
│ /home/ubuntu/vueShop-api-server-master/routes/api/private/v1/menus.js      │ get    │ /api/private/v1/menus                             │
├────────────────────────────────────────────────────────────────────────────┼────────┼───────────────────────────────────────────────────┤
│ /home/ubuntu/vueShop-api-server-master/routes/api/private/v1/orders.js     │ get    │ /api/private/v1/orders                            │
├────────────────────────────────────────────────────────────────────────────┼────────┼───────────────────────────────────────────────────┤
│ /home/ubuntu/vueShop-api-server-master/routes/api/private/v1/orders.js     │ post   │ /api/private/v1/orders                            │
├────────────────────────────────────────────────────────────────────────────┼────────┼───────────────────────────────────────────────────┤
│ /home/ubuntu/vueShop-api-server-master/routes/api/private/v1/orders.js     │ put    │ /api/private/v1/orders/:id                        │
├────────────────────────────────────────────────────────────────────────────┼────────┼───────────────────────────────────────────────────┤
│ /home/ubuntu/vueShop-api-server-master/routes/api/private/v1/orders.js     │ get    │ /api/private/v1/orders/:id                        │
├────────────────────────────────────────────────────────────────────────────┼────────┼───────────────────────────────────────────────────┤
│ /home/ubuntu/vueShop-api-server-master/routes/api/private/v1/reports.js    │ get    │ /api/private/v1/reports/type/:typeid              │
├────────────────────────────────────────────────────────────────────────────┼────────┼───────────────────────────────────────────────────┤
│ /home/ubuntu/vueShop-api-server-master/routes/api/private/v1/rights.js     │ get    │ /api/private/v1/rights/:type                      │
├────────────────────────────────────────────────────────────────────────────┼────────┼───────────────────────────────────────────────────┤
│ /home/ubuntu/vueShop-api-server-master/routes/api/private/v1/roles.js      │ get    │ /api/private/v1/roles                             │
├────────────────────────────────────────────────────────────────────────────┼────────┼───────────────────────────────────────────────────┤
│ /home/ubuntu/vueShop-api-server-master/routes/api/private/v1/roles.js      │ post   │ /api/private/v1/roles                             │
├────────────────────────────────────────────────────────────────────────────┼────────┼───────────────────────────────────────────────────┤
│ /home/ubuntu/vueShop-api-server-master/routes/api/private/v1/roles.js      │ get    │ /api/private/v1/roles/:id                         │
├────────────────────────────────────────────────────────────────────────────┼────────┼───────────────────────────────────────────────────┤
│ /home/ubuntu/vueShop-api-server-master/routes/api/private/v1/roles.js      │ put    │ /api/private/v1/roles/:id                         │
├────────────────────────────────────────────────────────────────────────────┼────────┼───────────────────────────────────────────────────┤
│ /home/ubuntu/vueShop-api-server-master/routes/api/private/v1/roles.js      │ delete │ /api/private/v1/roles/:id                         │
├────────────────────────────────────────────────────────────────────────────┼────────┼───────────────────────────────────────────────────┤
│ /home/ubuntu/vueShop-api-server-master/routes/api/private/v1/roles.js      │ post   │ /api/private/v1/roles/:id/rights                  │
├────────────────────────────────────────────────────────────────────────────┼────────┼───────────────────────────────────────────────────┤
│ /home/ubuntu/vueShop-api-server-master/routes/api/private/v1/roles.js      │ delete │ /api/private/v1/roles/:id/rights/:rightId         │
├────────────────────────────────────────────────────────────────────────────┼────────┼───────────────────────────────────────────────────┤
│ /home/ubuntu/vueShop-api-server-master/routes/api/private/v1/upload.js     │ post   │ /api/private/v1/upload                            │
├────────────────────────────────────────────────────────────────────────────┼────────┼───────────────────────────────────────────────────┤
│ /home/ubuntu/vueShop-api-server-master/routes/api/private/v1/users.js      │ get    │ /api/private/v1/users                             │
├────────────────────────────────────────────────────────────────────────────┼────────┼───────────────────────────────────────────────────┤
│ /home/ubuntu/vueShop-api-server-master/routes/api/private/v1/users.js      │ get    │ /api/private/v1/users/:id                         │
├────────────────────────────────────────────────────────────────────────────┼────────┼───────────────────────────────────────────────────┤
│ /home/ubuntu/vueShop-api-server-master/routes/api/private/v1/users.js      │ post   │ /api/private/v1/users                             │
├────────────────────────────────────────────────────────────────────────────┼────────┼───────────────────────────────────────────────────┤
│ /home/ubuntu/vueShop-api-server-master/routes/api/private/v1/users.js      │ put    │ /api/private/v1/users/:id                         │
├────────────────────────────────────────────────────────────────────────────┼────────┼───────────────────────────────────────────────────┤
│ /home/ubuntu/vueShop-api-server-master/routes/api/private/v1/users.js      │ delete │ /api/private/v1/users/:id                         │
├────────────────────────────────────────────────────────────────────────────┼────────┼───────────────────────────────────────────────────┤
│ /home/ubuntu/vueShop-api-server-master/routes/api/private/v1/users.js      │ put    │ /api/private/v1/users/:id/role                    │
├────────────────────────────────────────────────────────────────────────────┼────────┼───────────────────────────────────────────────────┤
│ /home/ubuntu/vueShop-api-server-master/routes/api/private/v1/users.js      │ put    │ /api/private/v1/users/:id/state/:state            │
└────────────────────────────────────────────────────────────────────────────┴────────┴───────────────────────────────────────────────────┘
数据库连接参数 {"protocol":"mysql","host":"49.233.9.86","database":"mydb","port":3306,"user":"root","password":"jxj13140123","query":{"pool":true,"debug":true}}
*****************************************
拦截服务 => CategoryService
*****************************************
action => getAllCategories
action => getCategoryById
action => addCategory
action => updateCategory
action => deleteCategory
*****************************************

*****************************************
拦截服务 => AttributeService
*****************************************
action => getAttributes
action => createAttribute
action => updateAttribute
action => deleteAttribute
action => attributeById
*****************************************

*****************************************
拦截服务 => GoodService
*****************************************
action => createGood
action => deleteGood
action => getAllGoods
action => updateGood
action => updateGoodPics
action => updateGoodAttributes
action => updateGoodsState
action => getGoodById
*****************************************

*****************************************
拦截服务 => OrderService
*****************************************
action => createOrder
action => getAllOrders
action => getOrder
action => updateOrder
*****************************************

*****************************************
拦截服务 => ReportsService
*****************************************
action => reports
*****************************************

*****************************************
拦截服务 => RightService
*****************************************
action => getAllRights
*****************************************

*****************************************
拦截服务 => RoleService
*****************************************
action => getAllRoles
action => createRole
action => getRoleById
action => updateRole
action => updateRoleRight
action => deleteRoleRight
action => deleteRole
action => authRight
*****************************************

*****************************************
拦截服务 => ManagerService
*****************************************
action => getAllManagers
action => createManager
action => updateManager
action => getManager
action => deleteManager
action => setRole
action => updateMgrState
action => login
*****************************************


******************************************************
		MoaJS Apis Dump
******************************************************

┌────────────────────────────────────────────────────────────────────────────┬────────┬───────────────────────────────────────────────────┐
│ File                                                                       │ Method │ Path                                              │
├────────────────────────────────────────────────────────────────────────────┼────────┼───────────────────────────────────────────────────┤
│ /home/ubuntu/vueShop-api-server-master/routes/api/private/v1/categories.js │ get    │ /api/private/v1/categories                        │
├────────────────────────────────────────────────────────────────────────────┼────────┼───────────────────────────────────────────────────┤
│ /home/ubuntu/vueShop-api-server-master/routes/api/private/v1/categories.js │ post   │ /api/private/v1/categories                        │
├────────────────────────────────────────────────────────────────────────────┼────────┼───────────────────────────────────────────────────┤
│ /home/ubuntu/vueShop-api-server-master/routes/api/private/v1/categories.js │ get    │ /api/private/v1/categories/:id                    │
├────────────────────────────────────────────────────────────────────────────┼────────┼───────────────────────────────────────────────────┤
│ /home/ubuntu/vueShop-api-server-master/routes/api/private/v1/categories.js │ delete │ /api/private/v1/categories/:id                    │
├────────────────────────────────────────────────────────────────────────────┼────────┼───────────────────────────────────────────────────┤
│ /home/ubuntu/vueShop-api-server-master/routes/api/private/v1/categories.js │ put    │ /api/private/v1/categories/:id                    │
├────────────────────────────────────────────────────────────────────────────┼────────┼───────────────────────────────────────────────────┤
│ /home/ubuntu/vueShop-api-server-master/routes/api/private/v1/categories.js │ get    │ /api/private/v1/categories/:id/attributes         │
├────────────────────────────────────────────────────────────────────────────┼────────┼───────────────────────────────────────────────────┤
│ /home/ubuntu/vueShop-api-server-master/routes/api/private/v1/categories.js │ get    │ /api/private/v1/categories/:id/attributes/:attrId │
├────────────────────────────────────────────────────────────────────────────┼────────┼───────────────────────────────────────────────────┤
│ /home/ubuntu/vueShop-api-server-master/routes/api/private/v1/categories.js │ post   │ /api/private/v1/categories/:id/attributes         │
├────────────────────────────────────────────────────────────────────────────┼────────┼───────────────────────────────────────────────────┤
│ /home/ubuntu/vueShop-api-server-master/routes/api/private/v1/categories.js │ put    │ /api/private/v1/categories/:id/attributes/:attrId │
├────────────────────────────────────────────────────────────────────────────┼────────┼───────────────────────────────────────────────────┤
│ /home/ubuntu/vueShop-api-server-master/routes/api/private/v1/categories.js │ delete │ /api/private/v1/categories/:id/attributes/:attrId │
├────────────────────────────────────────────────────────────────────────────┼────────┼───────────────────────────────────────────────────┤
│ /home/ubuntu/vueShop-api-server-master/routes/api/private/v1/goods.js      │ get    │ /api/private/v1/goods                             │
├────────────────────────────────────────────────────────────────────────────┼────────┼───────────────────────────────────────────────────┤
│ /home/ubuntu/vueShop-api-server-master/routes/api/private/v1/goods.js      │ post   │ /api/private/v1/goods                             │
├────────────────────────────────────────────────────────────────────────────┼────────┼───────────────────────────────────────────────────┤
│ /home/ubuntu/vueShop-api-server-master/routes/api/private/v1/goods.js      │ put    │ /api/private/v1/goods/:id                         │
├────────────────────────────────────────────────────────────────────────────┼────────┼───────────────────────────────────────────────────┤
│ /home/ubuntu/vueShop-api-server-master/routes/api/private/v1/goods.js      │ get    │ /api/private/v1/goods/:id                         │
├────────────────────────────────────────────────────────────────────────────┼────────┼───────────────────────────────────────────────────┤
│ /home/ubuntu/vueShop-api-server-master/routes/api/private/v1/goods.js      │ delete │ /api/private/v1/goods/:id                         │
├────────────────────────────────────────────────────────────────────────────┼────────┼───────────────────────────────────────────────────┤
│ /home/ubuntu/vueShop-api-server-master/routes/api/private/v1/goods.js      │ put    │ /api/private/v1/goods/:id/pics                    │
├────────────────────────────────────────────────────────────────────────────┼────────┼───────────────────────────────────────────────────┤
│ /home/ubuntu/vueShop-api-server-master/routes/api/private/v1/goods.js      │ put    │ /api/private/v1/goods/:id/attributes              │
├────────────────────────────────────────────────────────────────────────────┼────────┼───────────────────────────────────────────────────┤
│ /home/ubuntu/vueShop-api-server-master/routes/api/private/v1/goods.js      │ put    │ /api/private/v1/goods/:id/state/:state            │
├────────────────────────────────────────────────────────────────────────────┼────────┼───────────────────────────────────────────────────┤
│ /home/ubuntu/vueShop-api-server-master/routes/api/private/v1/menus.js      │ get    │ /api/private/v1/menus                             │
├────────────────────────────────────────────────────────────────────────────┼────────┼───────────────────────────────────────────────────┤
│ /home/ubuntu/vueShop-api-server-master/routes/api/private/v1/orders.js     │ get    │ /api/private/v1/orders                            │
├────────────────────────────────────────────────────────────────────────────┼────────┼───────────────────────────────────────────────────┤
│ /home/ubuntu/vueShop-api-server-master/routes/api/private/v1/orders.js     │ post   │ /api/private/v1/orders                            │
├────────────────────────────────────────────────────────────────────────────┼────────┼───────────────────────────────────────────────────┤
│ /home/ubuntu/vueShop-api-server-master/routes/api/private/v1/orders.js     │ put    │ /api/private/v1/orders/:id                        │
├────────────────────────────────────────────────────────────────────────────┼────────┼───────────────────────────────────────────────────┤
│ /home/ubuntu/vueShop-api-server-master/routes/api/private/v1/orders.js     │ get    │ /api/private/v1/orders/:id                        │
├────────────────────────────────────────────────────────────────────────────┼────────┼───────────────────────────────────────────────────┤
│ /home/ubuntu/vueShop-api-server-master/routes/api/private/v1/reports.js    │ get    │ /api/private/v1/reports/type/:typeid              │
├────────────────────────────────────────────────────────────────────────────┼────────┼───────────────────────────────────────────────────┤
│ /home/ubuntu/vueShop-api-server-master/routes/api/private/v1/rights.js     │ get    │ /api/private/v1/rights/:type                      │
├────────────────────────────────────────────────────────────────────────────┼────────┼───────────────────────────────────────────────────┤
│ /home/ubuntu/vueShop-api-server-master/routes/api/private/v1/roles.js      │ get    │ /api/private/v1/roles                             │
├────────────────────────────────────────────────────────────────────────────┼────────┼───────────────────────────────────────────────────┤
│ /home/ubuntu/vueShop-api-server-master/routes/api/private/v1/roles.js      │ post   │ /api/private/v1/roles                             │
├────────────────────────────────────────────────────────────────────────────┼────────┼───────────────────────────────────────────────────┤
│ /home/ubuntu/vueShop-api-server-master/routes/api/private/v1/roles.js      │ get    │ /api/private/v1/roles/:id                         │
├────────────────────────────────────────────────────────────────────────────┼────────┼───────────────────────────────────────────────────┤
│ /home/ubuntu/vueShop-api-server-master/routes/api/private/v1/roles.js      │ put    │ /api/private/v1/roles/:id                         │
├────────────────────────────────────────────────────────────────────────────┼────────┼───────────────────────────────────────────────────┤
│ /home/ubuntu/vueShop-api-server-master/routes/api/private/v1/roles.js      │ delete │ /api/private/v1/roles/:id                         │
├────────────────────────────────────────────────────────────────────────────┼────────┼───────────────────────────────────────────────────┤
│ /home/ubuntu/vueShop-api-server-master/routes/api/private/v1/roles.js      │ post   │ /api/private/v1/roles/:id/rights                  │
├────────────────────────────────────────────────────────────────────────────┼────────┼───────────────────────────────────────────────────┤
│ /home/ubuntu/vueShop-api-server-master/routes/api/private/v1/roles.js      │ delete │ /api/private/v1/roles/:id/rights/:rightId         │
├────────────────────────────────────────────────────────────────────────────┼────────┼───────────────────────────────────────────────────┤
│ /home/ubuntu/vueShop-api-server-master/routes/api/private/v1/upload.js     │ post   │ /api/private/v1/upload                            │
├────────────────────────────────────────────────────────────────────────────┼────────┼───────────────────────────────────────────────────┤
│ /home/ubuntu/vueShop-api-server-master/routes/api/private/v1/users.js      │ get    │ /api/private/v1/users                             │
├────────────────────────────────────────────────────────────────────────────┼────────┼───────────────────────────────────────────────────┤
│ /home/ubuntu/vueShop-api-server-master/routes/api/private/v1/users.js      │ get    │ /api/private/v1/users/:id                         │
├────────────────────────────────────────────────────────────────────────────┼────────┼───────────────────────────────────────────────────┤
│ /home/ubuntu/vueShop-api-server-master/routes/api/private/v1/users.js      │ post   │ /api/private/v1/users                             │
├────────────────────────────────────────────────────────────────────────────┼────────┼───────────────────────────────────────────────────┤
│ /home/ubuntu/vueShop-api-server-master/routes/api/private/v1/users.js      │ put    │ /api/private/v1/users/:id                         │
├────────────────────────────────────────────────────────────────────────────┼────────┼───────────────────────────────────────────────────┤
│ /home/ubuntu/vueShop-api-server-master/routes/api/private/v1/users.js      │ delete │ /api/private/v1/users/:id                         │
├────────────────────────────────────────────────────────────────────────────┼────────┼───────────────────────────────────────────────────┤
│ /home/ubuntu/vueShop-api-server-master/routes/api/private/v1/users.js      │ put    │ /api/private/v1/users/:id/role                    │
├────────────────────────────────────────────────────────────────────────────┼────────┼───────────────────────────────────────────────────┤
│ /home/ubuntu/vueShop-api-server-master/routes/api/private/v1/users.js      │ put    │ /api/private/v1/users/:id/state/:state            │
└────────────────────────────────────────────────────────────────────────────┴────────┴───────────────────────────────────────────────────┘
[SQL/mysql] SELECT `mg_id`, `mg_name`, `mg_pwd`, `mg_time`, `role_id`, `mg_mobile`, `mg_email`, `mg_state` FROM `sp_manager` WHERE `mg_name` = 'admin' LIMIT 1
[SQL/mysql] SELECT * FROM sp_permission_api as api LEFT JOIN sp_permission as main ON main.ps_id = api.ps_id WHERE main.ps_id is not null
[SQL/mysql] SELECT * FROM sp_permission_api as api LEFT JOIN sp_permission as main ON main.ps_id = api.ps_id WHERE main.ps_id is not null
[SQL/mysql] SELECT * FROM sp_permission_api as api LEFT JOIN sp_permission as main ON main.ps_id = api.ps_id WHERE main.ps_id is not null
[SQL/mysql] SELECT * FROM sp_permission_api as api LEFT JOIN sp_permission as main ON main.ps_id = api.ps_id WHERE main.ps_id is not null
Fri, 07 Jul 2023 03:06:22 GMT express deprecated res.send(status): Use res.sendStatus(status) instead at app.js:46:36
[SQL/mysql] SELECT `mg_id`, `mg_name`, `mg_pwd`, `mg_time`, `role_id`, `mg_mobile`, `mg_email`, `mg_state` FROM `sp_manager` WHERE `mg_name` = 'admin' LIMIT 1
[SQL/mysql] SELECT * FROM sp_permission_api as api LEFT JOIN sp_permission as main ON main.ps_id = api.ps_id WHERE main.ps_id is not null
[SQL/mysql] SELECT count(*) as count FROM sp_manager
[SQL/mysql] SELECT * FROM sp_manager as mgr LEFT JOIN sp_role as role ON mgr.role_id = role.role_id LIMIT 0,2 
[SQL/mysql] SELECT COUNT(*) AS `c` FROM `sp_goods` WHERE `is_del` = '0'
[SQL/mysql] SELECT `goods_id`, `goods_name`, `goods_price`, `goods_weight`, `goods_state`, `add_time`, `goods_number`, `upd_time`, `hot_mumber`, `is_promote`, `goods_introduce` FROM `sp_goods` WHERE `is_del` = '0' ORDER BY `add_time` DESC LIMIT 10
[SQL/mysql] SELECT `cat_id`, `cat_name`, `cat_pid`, `cat_level`, `cat_deleted` FROM `sp_category`
[SQL/mysql] SELECT COUNT(*) AS `c` FROM `sp_goods` WHERE `is_del` = '0'
[SQL/mysql] SELECT `goods_id`, `goods_name`, `goods_price`, `goods_weight`, `goods_state`, `add_time`, `goods_number`, `upd_time`, `hot_mumber`, `is_promote`, `goods_introduce` FROM `sp_goods` WHERE `is_del` = '0' ORDER BY `add_time` DESC LIMIT 10
[SQL/mysql] SELECT `cat_id`, `cat_name`, `cat_pid`, `cat_level`, `cat_deleted` FROM `sp_category`
[SQL/mysql] SELECT `cat_id`, `cat_name`, `cat_pid`, `cat_level`, `cat_deleted` FROM `sp_category`
[SQL/mysql] SELECT COUNT(*) AS `c` FROM `sp_goods` WHERE `is_del` = '0'
[SQL/mysql] SELECT `goods_id`, `goods_name`, `goods_price`, `goods_weight`, `goods_state`, `add_time`, `goods_number`, `upd_time`, `hot_mumber`, `is_promote`, `goods_introduce` FROM `sp_goods` WHERE `is_del` = '0' ORDER BY `add_time` DESC LIMIT 10
[SQL/mysql] SELECT `cat_id`, `cat_name`, `cat_pid`, `cat_level`, `cat_deleted` FROM `sp_category`
[SQL/mysql] SELECT * FROM sp_attribute WHERE cat_id = '1487' AND attr_sel = 'many' AND delete_time is NULL
[SQL/mysql] SELECT * FROM sp_attribute WHERE cat_id = '1487' AND attr_sel = 'many' AND delete_time is NULL
[SQL/mysql] SELECT * FROM sp_attribute WHERE cat_id = '1487' AND attr_sel = 'many' AND delete_time is NULL
[SQL/mysql] SELECT * FROM sp_attribute WHERE cat_id = '1487' AND attr_sel = 'many' AND delete_time is NULL
[SQL/mysql] SELECT * FROM sp_attribute WHERE cat_id = '1487' AND attr_sel = 'only' AND delete_time is NULL
[SQL/mysql] SELECT * FROM sp_attribute WHERE cat_id = '1487' AND attr_sel = 'many' AND delete_time is NULL
[SQL/mysql] SELECT * FROM sp_attribute WHERE cat_id = '1487' AND attr_sel = 'only' AND delete_time is NULL
[SQL/mysql] SELECT * FROM sp_attribute WHERE cat_id = '1487' AND attr_sel = 'many' AND delete_time is NULL
[SQL/mysql] SELECT * FROM sp_attribute WHERE cat_id = '1487' AND attr_sel = 'only' AND delete_time is NULL
[SQL/mysql] SELECT * FROM sp_attribute WHERE cat_id = '1487' AND attr_sel = 'many' AND delete_time is NULL
[SQL/mysql] SELECT * FROM sp_attribute WHERE cat_id = '1487' AND attr_sel = 'only' AND delete_time is NULL
[SQL/mysql] SELECT * FROM sp_attribute WHERE cat_id = '1487' AND attr_sel = 'many' AND delete_time is NULL
[SQL/mysql] SELECT * FROM sp_attribute WHERE cat_id = '1487' AND attr_sel = 'only' AND delete_time is NULL
[SQL/mysql] SELECT `goods_id`, `cat_id`, `goods_name`, `goods_price`, `goods_number`, `goods_weight`, `goods_introduce`, `goods_big_logo`, `goods_small_logo`, `goods_state`, `is_del`, `add_time`, `upd_time`, `delete_time`, `hot_mumber`, `is_promote`, `cat_one_id`, `cat_two_id`, `cat_three_id` FROM `sp_goods` WHERE `goods_name` = '明前龙井' AND `is_del` = '0' LIMIT 1
[SQL/mysql] INSERT INTO `sp_goods` (`goods_name`, `goods_price`, `goods_number`, `cat_one_id`, `cat_two_id`, `cat_three_id`, `cat_id`, `goods_weight`, `goods_introduce`, `goods_big_logo`, `goods_small_logo`, `add_time`, `upd_time`, `is_del`, `hot_mumber`, `is_promote`, `goods_state`, `delete_time`) VALUES ('明前龙井', 398, 150, '1', '1486', '1487', '1487', 20, '<p>lll</p>', '', '', 1688699452, 1688699452, '0', 0, 0, NULL, NULL)
[SQL/mysql] SELECT `pics_id`, `goods_id`, `pics_big`, `pics_mid`, `pics_sma` FROM `sp_goods_pics` WHERE `goods_id` = 931
[SQL/mysql] DELETE FROM sp_goods_attr WHERE goods_id = 931
[SQL/mysql] INSERT INTO `sp_goods_attr` (`attr_id`, `attr_value`, `goods_id`, `add_price`) VALUES (3803, '', 931, NULL)
[SQL/mysql] INSERT INTO `sp_goods_attr` (`attr_id`, `attr_value`, `goods_id`, `add_price`) VALUES (3804, '', 931, NULL)
[SQL/mysql] INSERT INTO `sp_goods_attr` (`attr_id`, `attr_value`, `goods_id`, `add_price`) VALUES (3805, '', 931, NULL)
[SQL/mysql] SELECT `pics_id`, `goods_id`, `pics_big`, `pics_mid`, `pics_sma` FROM `sp_goods_pics` WHERE `goods_id` = 931
[SQL/mysql] SELECT good_attr.goods_id,good_attr.attr_id,good_attr.attr_value,good_attr.add_price,attr.attr_name,attr.attr_sel,attr.attr_write,attr.attr_vals FROM sp_goods_attr as good_attr LEFT JOIN sp_attribute as attr ON attr.attr_id = good_attr.attr_id WHERE good_attr.goods_id = 931
[SQL/mysql] SELECT COUNT(*) AS `c` FROM `sp_goods` WHERE `is_del` = '0'
[SQL/mysql] SELECT `goods_id`, `goods_name`, `goods_price`, `goods_weight`, `goods_state`, `add_time`, `goods_number`, `upd_time`, `hot_mumber`, `is_promote`, `goods_introduce` FROM `sp_goods` WHERE `is_del` = '0' ORDER BY `add_time` DESC LIMIT 10
[SQL/mysql] SELECT `goods_id`, `cat_id`, `goods_name`, `goods_price`, `goods_number`, `goods_weight`, `goods_introduce`, `goods_big_logo`, `goods_small_logo`, `goods_state`, `is_del`, `add_time`, `upd_time`, `delete_time`, `hot_mumber`, `is_promote`, `cat_one_id`, `cat_two_id`, `cat_three_id` FROM `sp_goods` WHERE `goods_id` = '931' LIMIT 1
[SQL/mysql] UPDATE `sp_goods` SET `is_del` = '1', `delete_time` = 1688699493, `upd_time` = 1688699493 WHERE `goods_id` = 931
[SQL/mysql] SELECT COUNT(*) AS `c` FROM `sp_goods` WHERE `is_del` = '0'
[SQL/mysql] SELECT `goods_id`, `goods_name`, `goods_price`, `goods_weight`, `goods_state`, `add_time`, `goods_number`, `upd_time`, `hot_mumber`, `is_promote`, `goods_introduce` FROM `sp_goods` WHERE `is_del` = '0' ORDER BY `add_time` DESC LIMIT 10
[SQL/mysql] SELECT * FROM sp_permission_api as api LEFT JOIN sp_permission as main ON main.ps_id = api.ps_id WHERE main.ps_id is not null
[SQL/mysql] SELECT COUNT(*) AS `c` FROM `sp_goods` WHERE `is_del` = '0'
[SQL/mysql] SELECT `goods_id`, `goods_name`, `goods_price`, `goods_weight`, `goods_state`, `add_time`, `goods_number`, `upd_time`, `hot_mumber`, `is_promote`, `goods_introduce` FROM `sp_goods` WHERE `is_del` = '0' ORDER BY `add_time` DESC LIMIT 10
[SQL/mysql] SELECT * FROM sp_permission_api as api LEFT JOIN sp_permission as main ON main.ps_id = api.ps_id WHERE main.ps_id is not null
[SQL/mysql] SELECT COUNT(*) AS `c` FROM `sp_goods` WHERE `is_del` = '0'
[SQL/mysql] SELECT `goods_id`, `goods_name`, `goods_price`, `goods_weight`, `goods_state`, `add_time`, `goods_number`, `upd_time`, `hot_mumber`, `is_promote`, `goods_introduce` FROM `sp_goods` WHERE `is_del` = '0' ORDER BY `add_time` DESC LIMIT 10
[SQL/mysql] SELECT * FROM sp_permission_api as api LEFT JOIN sp_permission as main ON main.ps_id = api.ps_id WHERE main.ps_id is not null
[SQL/mysql] SELECT COUNT(*) AS `c` FROM `sp_goods` WHERE `is_del` = '0'
[SQL/mysql] SELECT `goods_id`, `goods_name`, `goods_price`, `goods_weight`, `goods_state`, `add_time`, `goods_number`, `upd_time`, `hot_mumber`, `is_promote`, `goods_introduce` FROM `sp_goods` WHERE `is_del` = '0' ORDER BY `add_time` DESC LIMIT 10
[SQL/mysql] SELECT * FROM sp_permission_api as api LEFT JOIN sp_permission as main ON main.ps_id = api.ps_id WHERE main.ps_id is not null
[SQL/mysql] SELECT COUNT(*) AS `c` FROM `sp_goods` WHERE `is_del` = '0'
[SQL/mysql] SELECT `goods_id`, `goods_name`, `goods_price`, `goods_weight`, `goods_state`, `add_time`, `goods_number`, `upd_time`, `hot_mumber`, `is_promote`, `goods_introduce` FROM `sp_goods` WHERE `is_del` = '0' ORDER BY `add_time` DESC LIMIT 10
[SQL/mysql] SELECT * FROM sp_permission_api as api LEFT JOIN sp_permission as main ON main.ps_id = api.ps_id WHERE main.ps_id is not null
[SQL/mysql] SELECT COUNT(*) AS `c` FROM `sp_goods` WHERE `is_del` = '0'
[SQL/mysql] SELECT `goods_id`, `goods_name`, `goods_price`, `goods_weight`, `goods_state`, `add_time`, `goods_number`, `upd_time`, `hot_mumber`, `is_promote`, `goods_introduce` FROM `sp_goods` WHERE `is_del` = '0' ORDER BY `add_time` DESC LIMIT 10
[SQL/mysql] SELECT * FROM sp_permission_api as api LEFT JOIN sp_permission as main ON main.ps_id = api.ps_id WHERE main.ps_id is not null
[SQL/mysql] SELECT COUNT(*) AS `c` FROM `sp_goods` WHERE `is_del` = '0'
[SQL/mysql] SELECT `goods_id`, `goods_name`, `goods_price`, `goods_weight`, `goods_state`, `add_time`, `goods_number`, `upd_time`, `hot_mumber`, `is_promote`, `goods_introduce` FROM `sp_goods` WHERE `is_del` = '0' ORDER BY `add_time` DESC LIMIT 10
[SQL/mysql] SELECT * FROM sp_permission_api as api LEFT JOIN sp_permission as main ON main.ps_id = api.ps_id WHERE main.ps_id is not null
[SQL/mysql] SELECT COUNT(*) AS `c` FROM `sp_goods` WHERE `is_del` = '0'
[SQL/mysql] SELECT `goods_id`, `goods_name`, `goods_price`, `goods_weight`, `goods_state`, `add_time`, `goods_number`, `upd_time`, `hot_mumber`, `is_promote`, `goods_introduce` FROM `sp_goods` WHERE `is_del` = '0' ORDER BY `add_time` DESC LIMIT 10
[SQL/mysql] SELECT * FROM sp_permission_api as api LEFT JOIN sp_permission as main ON main.ps_id = api.ps_id WHERE main.ps_id is not null
[SQL/mysql] SELECT COUNT(*) AS `c` FROM `sp_goods` WHERE `is_del` = '0'
[SQL/mysql] SELECT `goods_id`, `goods_name`, `goods_price`, `goods_weight`, `goods_state`, `add_time`, `goods_number`, `upd_time`, `hot_mumber`, `is_promote`, `goods_introduce` FROM `sp_goods` WHERE `is_del` = '0' ORDER BY `add_time` DESC LIMIT 10
[SQL/mysql] SELECT * FROM sp_permission_api as api LEFT JOIN sp_permission as main ON main.ps_id = api.ps_id WHERE main.ps_id is not null
[SQL/mysql] SELECT COUNT(*) AS `c` FROM `sp_goods` WHERE `is_del` = '0'
[SQL/mysql] SELECT `goods_id`, `goods_name`, `goods_price`, `goods_weight`, `goods_state`, `add_time`, `goods_number`, `upd_time`, `hot_mumber`, `is_promote`, `goods_introduce` FROM `sp_goods` WHERE `is_del` = '0' ORDER BY `add_time` DESC LIMIT 10
[SQL/mysql] SELECT * FROM sp_permission_api as api LEFT JOIN sp_permission as main ON main.ps_id = api.ps_id WHERE main.ps_id is not null
[SQL/mysql] SELECT COUNT(*) AS `c` FROM `sp_goods` WHERE `is_del` = '0'
[SQL/mysql] SELECT `goods_id`, `goods_name`, `goods_price`, `goods_weight`, `goods_state`, `add_time`, `goods_number`, `upd_time`, `hot_mumber`, `is_promote`, `goods_introduce` FROM `sp_goods` WHERE `is_del` = '0' ORDER BY `add_time` DESC LIMIT 10
[SQL/mysql] SELECT * FROM sp_permission_api as api LEFT JOIN sp_permission as main ON main.ps_id = api.ps_id WHERE main.ps_id is not null
[SQL/mysql] SELECT COUNT(*) AS `c` FROM `sp_goods` WHERE `is_del` = '0'
[SQL/mysql] SELECT `goods_id`, `goods_name`, `goods_price`, `goods_weight`, `goods_state`, `add_time`, `goods_number`, `upd_time`, `hot_mumber`, `is_promote`, `goods_introduce` FROM `sp_goods` WHERE `is_del` = '0' ORDER BY `add_time` DESC LIMIT 10
[SQL/mysql] SELECT * FROM sp_permission_api as api LEFT JOIN sp_permission as main ON main.ps_id = api.ps_id WHERE main.ps_id is not null
[SQL/mysql] SELECT COUNT(*) AS `c` FROM `sp_goods` WHERE `is_del` = '0'
[SQL/mysql] SELECT `goods_id`, `goods_name`, `goods_price`, `goods_weight`, `goods_state`, `add_time`, `goods_number`, `upd_time`, `hot_mumber`, `is_promote`, `goods_introduce` FROM `sp_goods` WHERE `is_del` = '0' ORDER BY `add_time` DESC LIMIT 10
[SQL/mysql] SELECT * FROM sp_permission_api as api LEFT JOIN sp_permission as main ON main.ps_id = api.ps_id WHERE main.ps_id is not null
[SQL/mysql] SELECT COUNT(*) AS `c` FROM `sp_goods` WHERE `is_del` = '0'
[SQL/mysql] SELECT `goods_id`, `goods_name`, `goods_price`, `goods_weight`, `goods_state`, `add_time`, `goods_number`, `upd_time`, `hot_mumber`, `is_promote`, `goods_introduce` FROM `sp_goods` WHERE `is_del` = '0' ORDER BY `add_time` DESC LIMIT 10
[SQL/mysql] SELECT * FROM sp_permission_api as api LEFT JOIN sp_permission as main ON main.ps_id = api.ps_id WHERE main.ps_id is not null
[SQL/mysql] SELECT COUNT(*) AS `c` FROM `sp_goods` WHERE `is_del` = '0'
[SQL/mysql] SELECT `goods_id`, `goods_name`, `goods_price`, `goods_weight`, `goods_state`, `add_time`, `goods_number`, `upd_time`, `hot_mumber`, `is_promote`, `goods_introduce` FROM `sp_goods` WHERE `is_del` = '0' ORDER BY `add_time` DESC LIMIT 10
[SQL/mysql] SELECT * FROM sp_permission_api as api LEFT JOIN sp_permission as main ON main.ps_id = api.ps_id WHERE main.ps_id is not null
[SQL/mysql] SELECT COUNT(*) AS `c` FROM `sp_goods` WHERE `is_del` = '0'
[SQL/mysql] SELECT `goods_id`, `goods_name`, `goods_price`, `goods_weight`, `goods_state`, `add_time`, `goods_number`, `upd_time`, `hot_mumber`, `is_promote`, `goods_introduce` FROM `sp_goods` WHERE `is_del` = '0' ORDER BY `add_time` DESC LIMIT 10
[SQL/mysql] SELECT * FROM sp_permission_api as api LEFT JOIN sp_permission as main ON main.ps_id = api.ps_id WHERE main.ps_id is not null
[SQL/mysql] SELECT COUNT(*) AS `c` FROM `sp_goods` WHERE `is_del` = '0'
[SQL/mysql] SELECT `goods_id`, `goods_name`, `goods_price`, `goods_weight`, `goods_state`, `add_time`, `goods_number`, `upd_time`, `hot_mumber`, `is_promote`, `goods_introduce` FROM `sp_goods` WHERE `is_del` = '0' ORDER BY `add_time` DESC LIMIT 10
[SQL/mysql] SELECT `cat_id`, `cat_name`, `cat_pid`, `cat_level`, `cat_deleted` FROM `sp_category`
[SQL/mysql] SELECT `cat_id`, `cat_name`, `cat_pid`, `cat_level`, `cat_deleted` FROM `sp_category`
[SQL/mysql] SELECT `cat_id`, `cat_name`, `cat_pid`, `cat_level`, `cat_deleted` FROM `sp_category`
[SQL/mysql] SELECT COUNT(*) AS `c` FROM `sp_goods` WHERE `is_del` = '0'
[SQL/mysql] SELECT `goods_id`, `goods_name`, `goods_price`, `goods_weight`, `goods_state`, `add_time`, `goods_number`, `upd_time`, `hot_mumber`, `is_promote`, `goods_introduce` FROM `sp_goods` WHERE `is_del` = '0' ORDER BY `add_time` DESC LIMIT 10
[SQL/mysql] SELECT count(*) as count FROM sp_manager
[SQL/mysql] SELECT * FROM sp_manager as mgr LEFT JOIN sp_role as role ON mgr.role_id = role.role_id LIMIT 0,2 
[SQL/mysql] SELECT `role_id`, `role_name`, `ps_ids`, `ps_ca`, `role_desc` FROM `sp_role`
[SQL/mysql] SELECT * FROM sp_permission_api as api LEFT JOIN sp_permission as main ON main.ps_id = api.ps_id WHERE main.ps_id is not null
[SQL/mysql] SELECT * FROM sp_permission_api as api LEFT JOIN sp_permission as main ON main.ps_id = api.ps_id WHERE main.ps_id is not null
[SQL/mysql] SELECT COUNT(*) AS `c` FROM `sp_goods` WHERE `is_del` = '0'
[SQL/mysql] SELECT `goods_id`, `goods_name`, `goods_price`, `goods_weight`, `goods_state`, `add_time`, `goods_number`, `upd_time`, `hot_mumber`, `is_promote`, `goods_introduce` FROM `sp_goods` WHERE `is_del` = '0' ORDER BY `add_time` DESC LIMIT 10
[SQL/mysql] SELECT `cat_id`, `cat_name`, `cat_pid`, `cat_level`, `cat_deleted` FROM `sp_category`
[SQL/mysql] SELECT count(*) as count FROM sp_manager
[SQL/mysql] SELECT * FROM sp_manager as mgr LEFT JOIN sp_role as role ON mgr.role_id = role.role_id LIMIT 0,2 
